::1 - - [11/Feb/2023:13:01:21 +0000] "GET /api/users HTTP/1.1" 200 26 "-" "PostmanRuntime/7.30.0"
::1 - - [11/Feb/2023:13:01:45 +0000] "POST /api/users HTTP/1.1" 400 451 "-" "PostmanRuntime/7.30.0"
::1 - - [11/Feb/2023:13:03:35 +0000] "POST /api/users HTTP/1.1" 200 121 "-" "PostmanRuntime/7.30.0"
::1 - - [11/Feb/2023:13:05:55 +0000] "GET /api/users HTTP/1.1" 200 123 "-" "PostmanRuntime/7.30.0"
::1 - - [11/Feb/2023:13:06:45 +0000] "GET /api/users HTTP/1.1" 200 123 "-" "Mozilla/5.0 (Macintosh; Intel Mac OS X 10_15_7) AppleWebKit/605.1.15 (KHTML, like Gecko) Version/16.1 Safari/605.1.15"
::1 - - [11/Feb/2023:13:10:43 +0000] "PUT /api/users/63e79227bc062be9996d3bff HTTP/1.1" 200 127 "-" "PostmanRuntime/7.30.0"
::1 - - [11/Feb/2023:13:11:55 +0000] "DELETE /api/users/63e79227bc062be9996d3bf1 HTTP/1.1" 400 97 "-" "PostmanRuntime/7.30.0"
::1 - - [11/Feb/2023:13:12:25 +0000] "DELETE /api/users/63e79227bc062be9996d3bff HTTP/1.1" 200 127 "-" "PostmanRuntime/7.30.0"
::1 - - [11/Feb/2023:13:25:58 +0000] "GET /api/users HTTP/1.1" 200 26 "-" "Mozilla/5.0 (Macintosh; Intel Mac OS X 10_15_7) AppleWebKit/605.1.15 (KHTML, like Gecko) Version/16.1 Safari/605.1.15"
::1 - - [11/Feb/2023:13:28:02 +0000] "DELETE /api/users HTTP/1.1" 404 151 "-" "PostmanRuntime/7.30.0"
::1 - - [11/Feb/2023:13:28:08 +0000] "GET /api/users HTTP/1.1" 200 26 "-" "PostmanRuntime/7.30.0"
::1 - - [13/Feb/2023:13:31:28 +0000] "POST /api/users HTTP/1.1" 400 451 "-" "PostmanRuntime/7.29.2"
::1 - - [13/Feb/2023:13:32:45 +0000] "POST /api/users HTTP/1.1" 400 451 "-" "PostmanRuntime/7.29.2"
::1 - - [13/Feb/2023:13:33:28 +0000] "POST /api/users HTTP/1.1" 400 531 "-" "PostmanRuntime/7.29.2"
::1 - - [13/Feb/2023:13:33:59 +0000] "POST /api/users HTTP/1.1" 400 531 "-" "PostmanRuntime/7.29.2"
::1 - - [13/Feb/2023:13:34:18 +0000] "POST /api/users HTTP/1.1" 400 531 "-" "PostmanRuntime/7.29.2"
::1 - - [13/Feb/2023:13:34:31 +0000] "POST /api/users HTTP/1.1" 400 631 "-" "PostmanRuntime/7.29.2"
::1 - - [13/Feb/2023:13:34:59 +0000] "POST /api/users HTTP/1.1" 400 631 "-" "PostmanRuntime/7.29.2"
::1 - - [13/Feb/2023:13:35:13 +0000] "POST /api/users HTTP/1.1" 200 216 "-" "PostmanRuntime/7.29.2"
::1 - - [13/Feb/2023:13:35:20 +0000] "GET /api/users HTTP/1.1" 200 218 "-" "PostmanRuntime/7.29.2"
::1 - - [13/Feb/2023:15:33:20 +0000] "GET /api/users HTTP/1.1" 200 218 "-" "PostmanRuntime/7.29.2"
::1 - - [13/Feb/2023:15:33:27 +0000] "GET /api/users HTTP/1.1" 200 218 "-" "PostmanRuntime/7.29.2"
::1 - - [13/Feb/2023:15:33:55 +0000] "POST /api/users HTTP/1.1" 400 99 "-" "PostmanRuntime/7.29.2"
::1 - - [13/Feb/2023:15:35:02 +0000] "POST /api/users HTTP/1.1" 400 99 "-" "PostmanRuntime/7.29.2"
::1 - - [13/Feb/2023:15:35:06 +0000] "POST /api/users HTTP/1.1" 400 99 "-" "PostmanRuntime/7.29.2"
::1 - - [13/Feb/2023:15:36:31 +0000] "POST /api/users HTTP/1.1" 400 99 "-" "PostmanRuntime/7.29.2"
::1 - - [13/Feb/2023:15:36:44 +0000] "POST /api/users HTTP/1.1" 400 99 "-" "PostmanRuntime/7.29.2"
::1 - - [13/Feb/2023:15:36:52 +0000] "POST /api/users HTTP/1.1" 400 99 "-" "PostmanRuntime/7.29.2"
::1 - - [13/Feb/2023:15:38:20 +0000] "POST /api/users HTTP/1.1" 200 229 "-" "PostmanRuntime/7.29.2"
::1 - - [13/Feb/2023:15:38:29 +0000] "POST /api/users HTTP/1.1" 400 99 "-" "PostmanRuntime/7.29.2"
::1 - - [13/Feb/2023:15:38:44 +0000] "POST /api/users HTTP/1.1" 400 99 "-" "PostmanRuntime/7.29.2"
::1 - - [13/Feb/2023:15:40:25 +0000] "POST /api/users HTTP/1.1" 400 99 "-" "PostmanRuntime/7.29.2"
::1 - - [13/Feb/2023:15:40:37 +0000] "POST /api/users HTTP/1.1" 400 99 "-" "PostmanRuntime/7.29.2"
::1 - - [13/Feb/2023:15:40:42 +0000] "POST /api/users HTTP/1.1" 400 99 "-" "PostmanRuntime/7.29.2"
::1 - - [13/Feb/2023:15:41:02 +0000] "GET /api/users HTTP/1.1" 200 231 "-" "PostmanRuntime/7.29.2"
::1 - - [13/Feb/2023:15:41:58 +0000] "POST /api/users HTTP/1.1" 400 99 "-" "PostmanRuntime/7.29.2"
::1 - - [13/Feb/2023:15:42:18 +0000] "POST /api/users HTTP/1.1" 400 558 "-" "PostmanRuntime/7.29.2"
::1 - - [13/Feb/2023:15:42:37 +0000] "POST /api/users HTTP/1.1" 400 99 "-" "PostmanRuntime/7.29.2"
::1 - - [13/Feb/2023:15:42:45 +0000] "POST /api/users HTTP/1.1" 400 99 "-" "PostmanRuntime/7.29.2"
::1 - - [13/Feb/2023:15:43:19 +0000] "PUT /api/users HTTP/1.1" 404 148 "-" "PostmanRuntime/7.29.2"
::1 - - [13/Feb/2023:15:43:35 +0000] "GET /api/users HTTP/1.1" 200 231 "-" "PostmanRuntime/7.29.2"
::1 - - [13/Feb/2023:15:43:46 +0000] "GET /api/users/63ea596bfbf0c03612ba58e5 HTTP/1.1" 200 229 "-" "PostmanRuntime/7.29.2"
::1 - - [13/Feb/2023:15:43:53 +0000] "GET /api/users/63ea596bfbf0c03612ba58e5 HTTP/1.1" 200 229 "-" "PostmanRuntime/7.29.2"
::1 - - [13/Feb/2023:15:44:02 +0000] "PUT /api/users/63ea596bfbf0c03612ba58e5 HTTP/1.1" 200 233 "-" "PostmanRuntime/7.29.2"
::1 - - [13/Feb/2023:15:44:07 +0000] "GET /api/users/63ea596bfbf0c03612ba58e5 HTTP/1.1" 200 233 "-" "PostmanRuntime/7.29.2"
::1 - - [13/Feb/2023:15:46:36 +0000] "POST /api/users/63ea596bfbf0c03612ba58e5 HTTP/1.1" 404 174 "-" "PostmanRuntime/7.29.2"
::1 - - [13/Feb/2023:15:46:49 +0000] "POST /api/users/ HTTP/1.1" 400 99 "-" "PostmanRuntime/7.29.2"
::1 - - [13/Feb/2023:15:48:06 +0000] "GET /api/users/ HTTP/1.1" 200 235 "-" "PostmanRuntime/7.29.2"
::1 - - [13/Feb/2023:15:48:13 +0000] "GET /api/users/63ea596bfbf0c03612ba58e5 HTTP/1.1" 200 233 "-" "PostmanRuntime/7.29.2"
::1 - - [13/Feb/2023:15:48:24 +0000] "DELETE /api/users/63ea596bfbf0c03612ba58e5 HTTP/1.1" 200 233 "-" "PostmanRuntime/7.29.2"
::1 - - [13/Feb/2023:15:48:30 +0000] "GET /api/users/63ea596bfbf0c03612ba58e5 HTTP/1.1" 400 97 "-" "PostmanRuntime/7.29.2"
::1 - - [13/Feb/2023:15:48:42 +0000] "GET /api/users HTTP/1.1" 200 26 "-" "PostmanRuntime/7.29.2"
::1 - - [13/Feb/2023:15:48:58 +0000] "POST /api/users HTTP/1.1" 200 224 "-" "PostmanRuntime/7.29.2"
::1 - - [13/Feb/2023:15:49:02 +0000] "POST /api/users HTTP/1.1" 400 99 "-" "PostmanRuntime/7.29.2"
::1 - - [13/Feb/2023:15:49:13 +0000] "POST /api/users HTTP/1.1" 400 99 "-" "PostmanRuntime/7.29.2"
::1 - - [13/Feb/2023:15:49:20 +0000] "POST /api/users HTTP/1.1" 400 99 "-" "PostmanRuntime/7.29.2"
::1 - - [13/Feb/2023:15:49:25 +0000] "POST /api/users HTTP/1.1" 400 99 "-" "PostmanRuntime/7.29.2"
