::1 - - [13/Feb/2023:16:03:55 +0000] "POST /api/users HTTP/1.1" 200 224 "-" "PostmanRuntime/7.29.2"
::1 - - [13/Feb/2023:16:04:17 +0000] "POST /api/users HTTP/1.1" 400 637 "-" "PostmanRuntime/7.29.2"
::1 - - [13/Feb/2023:16:04:28 +0000] "POST /api/users HTTP/1.1" 200 266 "-" "PostmanRuntime/7.29.2"
::1 - - [13/Feb/2023:16:05:58 +0000] "POST /api/users HTTP/1.1" 200 247 "-" "PostmanRuntime/7.29.2"
::1 - - [13/Feb/2023:16:06:01 +0000] "POST /api/users HTTP/1.1" 400 112 "-" "PostmanRuntime/7.29.2"
::1 - - [13/Feb/2023:16:06:15 +0000] "POST /api/users HTTP/1.1" 400 100 "-" "PostmanRuntime/7.29.2"
::1 - - [13/Feb/2023:16:06:21 +0000] "POST /api/users HTTP/1.1" 200 256 "-" "PostmanRuntime/7.29.2"
::1 - - [13/Feb/2023:16:21:39 +0000] "GET /api/users HTTP/1.1" 200 1127 "-" "PostmanRuntime/7.29.2"
::ffff:127.0.0.1 - - [15/Feb/2023:12:53:03 +0000] "GET /users HTTP/1.1" 404 144 "-" "Mozilla/5.0 (X11; Ubuntu; Linux x86_64; rv:109.0) Gecko/20100101 Firefox/110.0"
::ffff:127.0.0.1 - - [15/Feb/2023:12:53:12 +0000] "GET /api/users HTTP/1.1" 200 1127 "-" "Mozilla/5.0 (X11; Ubuntu; Linux x86_64; rv:109.0) Gecko/20100101 Firefox/110.0"
::ffff:127.0.0.1 - - [15/Feb/2023:12:53:24 +0000] "GET /api/inventory HTTP/1.1" 404 152 "-" "Mozilla/5.0 (X11; Ubuntu; Linux x86_64; rv:109.0) Gecko/20100101 Firefox/110.0"
::1 - - [15/Feb/2023:12:53:58 +0000] "GET /api/inventory HTTP/1.1" 404 152 "-" "PostmanRuntime/7.29.2"
::1 - - [15/Feb/2023:12:57:43 +0000] "GET /api/inventory HTTP/1.1" 404 152 "-" "PostmanRuntime/7.29.2"
::ffff:127.0.0.1 - - [15/Feb/2023:12:59:05 +0000] "GET /api/inventory HTTP/1.1" 404 152 "-" "Mozilla/5.0 (X11; Ubuntu; Linux x86_64; rv:109.0) Gecko/20100101 Firefox/110.0"
::1 - - [15/Feb/2023:13:00:31 +0000] "GET /api/ HTTP/1.1" 404 143 "-" "PostmanRuntime/7.29.2"
::1 - - [15/Feb/2023:13:02:08 +0000] "GET /api/inventory HTTP/1.1" 404 152 "-" "PostmanRuntime/7.29.2"
::1 - - [15/Feb/2023:13:02:11 +0000] "GET /api/inventory HTTP/1.1" 404 152 "-" "PostmanRuntime/7.29.2"
::1 - - [15/Feb/2023:13:09:26 +0000] "GET /api/inventory HTTP/1.1" 404 152 "-" "PostmanRuntime/7.29.2"
::1 - - [15/Feb/2023:13:09:28 +0000] "GET /api/inventory HTTP/1.1" 404 152 "-" "PostmanRuntime/7.29.2"
::1 - - [15/Feb/2023:13:09:30 +0000] "GET /api/inventorys HTTP/1.1" 404 153 "-" "PostmanRuntime/7.29.2"
::1 - - [15/Feb/2023:13:09:31 +0000] "GET /api/inventorys HTTP/1.1" 404 153 "-" "PostmanRuntime/7.29.2"
::1 - - [15/Feb/2023:13:09:33 +0000] "GET /api/inventorys HTTP/1.1" 404 153 "-" "PostmanRuntime/7.29.2"
::1 - - [15/Feb/2023:13:09:41 +0000] "GET /api/users HTTP/1.1" 200 1127 "-" "PostmanRuntime/7.29.2"
::1 - - [15/Feb/2023:13:10:20 +0000] "POST /api/users HTTP/1.1" 400 2067 "-" "PostmanRuntime/7.29.2"
::1 - - [15/Feb/2023:13:16:26 +0000] "POST /api/inventory HTTP/1.1" 404 153 "-" "PostmanRuntime/7.29.2"
::1 - - [15/Feb/2023:13:18:00 +0000] "POST /api/inventory HTTP/1.1" 404 153 "-" "PostmanRuntime/7.29.2"
::1 - - [15/Feb/2023:13:18:10 +0000] "GET /api/inventory HTTP/1.1" 404 152 "-" "PostmanRuntime/7.29.2"
::1 - - [15/Feb/2023:13:20:38 +0000] "GET /api/inventory HTTP/1.1" 404 152 "-" "PostmanRuntime/7.29.2"
::1 - - [15/Feb/2023:13:20:40 +0000] "GET /api/inventory HTTP/1.1" 404 152 "-" "PostmanRuntime/7.29.2"
::1 - - [15/Feb/2023:13:21:01 +0000] "GET /api/inventory HTTP/1.1" 404 152 "-" "PostmanRuntime/7.29.2"
::1 - - [15/Feb/2023:13:21:10 +0000] "GET /api/inventory HTTP/1.1" 404 152 "-" "PostmanRuntime/7.29.2"
::1 - - [15/Feb/2023:13:21:48 +0000] "GET /api/inventory HTTP/1.1" 404 152 "-" "PostmanRuntime/7.29.2"
::1 - - [15/Feb/2023:13:21:50 +0000] "GET /api/inventory HTTP/1.1" 404 152 "-" "PostmanRuntime/7.29.2"
::1 - - [15/Feb/2023:13:28:54 +0000] "GET /api/inventory HTTP/1.1" 404 152 "-" "PostmanRuntime/7.29.2"
::1 - - [15/Feb/2023:13:28:56 +0000] "GET /api/inventory HTTP/1.1" 404 152 "-" "PostmanRuntime/7.29.2"
::1 - - [15/Feb/2023:13:28:57 +0000] "GET /api/inventory HTTP/1.1" 404 152 "-" "PostmanRuntime/7.29.2"
::1 - - [15/Feb/2023:13:30:22 +0000] "GET /api/inventory HTTP/1.1" 200 26 "-" "PostmanRuntime/7.29.2"
::1 - - [15/Feb/2023:13:30:31 +0000] "POST /api/inventory HTTP/1.1" 400 1226 "-" "PostmanRuntime/7.29.2"
::1 - - [15/Feb/2023:13:31:19 +0000] "POST /api/inventory HTTP/1.1" 400 1226 "-" "PostmanRuntime/7.29.2"
::1 - - [15/Feb/2023:13:31:38 +0000] "POST /api/inventory HTTP/1.1" 200 241 "-" "PostmanRuntime/7.29.2"
::1 - - [16/Feb/2023:12:15:05 +0000] "GET /api/users HTTP/1.1" 200 1127 "-" "PostmanRuntime/7.29.2"
::1 - - [16/Feb/2023:12:15:26 +0000] "GET /api/users HTTP/1.1" 200 1127 "-" "PostmanRuntime/7.29.2"
::1 - - [16/Feb/2023:12:15:38 +0000] "GET /api/login HTTP/1.1" 200 26 "-" "PostmanRuntime/7.29.2"
::1 - - [16/Feb/2023:12:21:11 +0000] "POST /api/inventory HTTP/1.1" 200 242 "-" "PostmanRuntime/7.29.2"
::1 - - [16/Feb/2023:12:23:51 +0000] "POST /api/login HTTP/1.1" 400 114 "-" "PostmanRuntime/7.29.2"
::1 - - [16/Feb/2023:12:24:11 +0000] "POST /api/login HTTP/1.1" 400 113 "-" "PostmanRuntime/7.29.2"
::1 - - [16/Feb/2023:12:24:31 +0000] "GET /api/login HTTP/1.1" 200 155 "-" "PostmanRuntime/7.29.2"
::1 - - [16/Feb/2023:12:24:53 +0000] "POST /api/login HTTP/1.1" 400 28 "-" "PostmanRuntime/7.29.2"
::1 - - [16/Feb/2023:12:25:26 +0000] "GET /api/login HTTP/1.1" 200 291 "-" "PostmanRuntime/7.29.2"
::1 - - [16/Feb/2023:12:28:09 +0000] "GET /api/login HTTP/1.1" 200 291 "-" "PostmanRuntime/7.29.2"
::1 - - [16/Feb/2023:12:28:31 +0000] "POST /api/login HTTP/1.1" 200 158 "-" "PostmanRuntime/7.29.2"
::1 - - [16/Feb/2023:12:28:36 +0000] "GET /api/login HTTP/1.1" 200 426 "-" "PostmanRuntime/7.29.2"
::1 - - [16/Feb/2023:12:29:00 +0000] "GET /api/login/63ee1eb60b122a056440d535 HTTP/1.1" 404 173 "-" "PostmanRuntime/7.29.2"
::1 - - [16/Feb/2023:12:29:41 +0000] "GET /api/inventory/63ee1fb6e2d0fbcc45fbaea9 HTTP/1.1" 200 242 "-" "PostmanRuntime/7.29.2"
::1 - - [16/Feb/2023:12:30:52 +0000] "GET /api/login/63ee1eb60b122a056440d535 HTTP/1.1" 200 153 "-" "PostmanRuntime/7.29.2"
::1 - - [16/Feb/2023:12:31:32 +0000] "PUT /api/login/63ee1eb60b122a056440d535 HTTP/1.1" 200 172 "-" "PostmanRuntime/7.29.2"
::1 - - [16/Feb/2023:12:31:44 +0000] "GET /api/login/63ee1eb60b122a056440d535 HTTP/1.1" 200 172 "-" "PostmanRuntime/7.29.2"
::1 - - [16/Feb/2023:12:31:49 +0000] "GET /api/login/ HTTP/1.1" 200 445 "-" "PostmanRuntime/7.29.2"
::1 - - [16/Feb/2023:12:32:14 +0000] "DELETE /api/login/63ee216faf62bc4629faffb1 HTTP/1.1" 200 158 "-" "PostmanRuntime/7.29.2"
::1 - - [16/Feb/2023:12:32:29 +0000] "GET /api/login/63ee216faf62bc4629faffb1 HTTP/1.1" 400 100 "-" "PostmanRuntime/7.29.2"
::1 - - [16/Feb/2023:12:32:37 +0000] "GET /api/login HTTP/1.1" 200 310 "-" "PostmanRuntime/7.29.2"
::1 - - [16/Feb/2023:15:34:51 +0000] "GET /api/category HTTP/1.1" 200 26 "-" "PostmanRuntime/7.29.2"
::1 - - [17/Feb/2023:08:24:56 +0000] "GET /api/category HTTP/1.1" 200 26 "-" "PostmanRuntime/7.29.2"
::1 - - [17/Feb/2023:08:25:45 +0000] "POST /api/category HTTP/1.1" 200 125 "-" "PostmanRuntime/7.29.2"
::1 - - [17/Feb/2023:08:25:54 +0000] "GET /api/category HTTP/1.1" 200 127 "-" "PostmanRuntime/7.29.2"
::1 - - [17/Feb/2023:08:27:22 +0000] "PUT /api/category HTTP/1.1" 404 151 "-" "PostmanRuntime/7.29.2"
::1 - - [17/Feb/2023:08:29:04 +0000] "GET /api/category HTTP/1.1" 200 127 "-" "PostmanRuntime/7.29.2"
::1 - - [17/Feb/2023:08:29:18 +0000] "GET /api/category/63ef3a09a8726177935ff265 HTTP/1.1" 400 28 "-" "PostmanRuntime/7.29.2"
::1 - - [17/Feb/2023:08:29:28 +0000] "GET /api/category/ HTTP/1.1" 200 127 "-" "PostmanRuntime/7.29.2"
::1 - - [17/Feb/2023:08:29:43 +0000] "GET /api/category/63ef3a09a8726177935ff265 HTTP/1.1" 400 28 "-" "PostmanRuntime/7.29.2"
::1 - - [17/Feb/2023:08:31:05 +0000] "GET /api/category/63ef3a09a8726177935ff265 HTTP/1.1" 400 28 "-" "PostmanRuntime/7.29.2"
::1 - - [17/Feb/2023:08:32:02 +0000] "GET /api/category/63ef3a09a8726177935ff265 HTTP/1.1" 400 28 "-" "PostmanRuntime/7.29.2"
::1 - - [17/Feb/2023:08:32:05 +0000] "GET /api/category/63ef3a09a8726177935ff265 HTTP/1.1" 400 28 "-" "PostmanRuntime/7.29.2"
::1 - - [17/Feb/2023:08:32:24 +0000] "GET /api/category/63ef3a09a8726177935ff265 HTTP/1.1" 200 125 "-" "PostmanRuntime/7.29.2"
::1 - - [17/Feb/2023:08:32:33 +0000] "PUT /api/category/63ef3a09a8726177935ff265 HTTP/1.1" 200 127 "-" "PostmanRuntime/7.29.2"
::1 - - [17/Feb/2023:08:32:40 +0000] "GET /api/category/63ef3a09a8726177935ff265 HTTP/1.1" 200 127 "-" "PostmanRuntime/7.29.2"
::1 - - [17/Feb/2023:08:32:53 +0000] "POST /api/category/63ef3a09a8726177935ff265 HTTP/1.1" 404 177 "-" "PostmanRuntime/7.29.2"
::1 - - [17/Feb/2023:08:33:01 +0000] "POST /api/category/ HTTP/1.1" 200 125 "-" "PostmanRuntime/7.29.2"
::1 - - [17/Feb/2023:08:33:13 +0000] "GET /api/category/63ef3bbdd1cb876c1ea368a0 HTTP/1.1" 200 125 "-" "PostmanRuntime/7.29.2"
::1 - - [17/Feb/2023:08:33:20 +0000] "DELETE /api/category/63ef3bbdd1cb876c1ea368a0 HTTP/1.1" 200 125 "-" "PostmanRuntime/7.29.2"
::1 - - [17/Feb/2023:08:33:29 +0000] "GET /api/category/63ef3bbdd1cb876c1ea368a0 HTTP/1.1" 400 98 "-" "PostmanRuntime/7.29.2"
::1 - - [17/Feb/2023:16:20:36 +0000] "POST /api/inventory/ HTTP/1.1" 200 242 "-" "PostmanRuntime/7.29.2"
::1 - - [17/Feb/2023:16:21:12 +0000] "POST /api/inventory/ HTTP/1.1" 200 242 "-" "PostmanRuntime/7.29.2"
::1 - - [17/Feb/2023:16:21:30 +0000] "POST /api/inventory/ HTTP/1.1" 200 248 "-" "PostmanRuntime/7.29.2"
::1 - - [17/Feb/2023:16:22:05 +0000] "POST /api/inventory/ HTTP/1.1" 400 578 "-" "PostmanRuntime/7.29.2"
::1 - - [17/Feb/2023:16:22:32 +0000] "POST /api/inventory/ HTTP/1.1" 400 558 "-" "PostmanRuntime/7.29.2"
::1 - - [17/Feb/2023:16:22:58 +0000] "POST /api/inventory/ HTTP/1.1" 200 238 "-" "PostmanRuntime/7.29.2"
::1 - - [17/Feb/2023:16:28:44 +0000] "POST /api/inventory/ HTTP/1.1" 200 238 "-" "PostmanRuntime/7.29.2"
::1 - - [17/Feb/2023:16:28:57 +0000] "POST /api/inventory/ HTTP/1.1" 400 665 "-" "PostmanRuntime/7.29.2"
::1 - - [17/Feb/2023:16:32:45 +0000] "GET /api/users HTTP/1.1" 200 1127 "-" "PostmanRuntime/7.29.2"
::1 - - [17/Feb/2023:16:32:59 +0000] "POST /api/users HTTP/1.1" 400 846 "-" "PostmanRuntime/7.29.2"
::1 - - [17/Feb/2023:16:37:40 +0000] "POST /api/users HTTP/1.1" 400 617 "-" "PostmanRuntime/7.29.2"
::1 - - [17/Feb/2023:16:43:49 +0000] "POST /api/users HTTP/1.1" 400 562 "-" "PostmanRuntime/7.29.2"
::1 - - [17/Feb/2023:16:44:30 +0000] "POST /api/users HTTP/1.1" 400 562 "-" "PostmanRuntime/7.29.2"
::1 - - [17/Feb/2023:16:45:22 +0000] "POST /api/users HTTP/1.1" 400 120 "-" "PostmanRuntime/7.29.2"
::1 - - [17/Feb/2023:16:45:41 +0000] "POST /api/users HTTP/1.1" 200 267 "-" "PostmanRuntime/7.29.2"
::1 - - [17/Feb/2023:16:45:54 +0000] "POST /api/users HTTP/1.1" 400 450 "-" "PostmanRuntime/7.29.2"
::1 - - [17/Feb/2023:16:47:59 +0000] "POST /api/users HTTP/1.1" 400 450 "-" "PostmanRuntime/7.29.2"
::1 - - [17/Feb/2023:16:48:14 +0000] "POST /api/users HTTP/1.1" 400 435 "-" "PostmanRuntime/7.29.2"
::1 - - [17/Feb/2023:16:48:37 +0000] "POST /api/users HTTP/1.1" 400 435 "-" "PostmanRuntime/7.29.2"
::1 - - [17/Feb/2023:16:49:18 +0000] "POST /api/users HTTP/1.1" 200 263 "-" "PostmanRuntime/7.29.2"
::1 - - [17/Feb/2023:16:49:44 +0000] "POST /api/users HTTP/1.1" 400 430 "-" "PostmanRuntime/7.29.2"
::1 - - [17/Feb/2023:16:49:52 +0000] "POST /api/users HTTP/1.1" 400 440 "-" "PostmanRuntime/7.29.2"
::1 - - [17/Feb/2023:16:50:24 +0000] "POST /api/users HTTP/1.1" 400 435 "-" "PostmanRuntime/7.29.2"
::1 - - [17/Feb/2023:16:55:27 +0000] "POST /api/users HTTP/1.1" 400 813 "-" "PostmanRuntime/7.29.2"
::1 - - [17/Feb/2023:17:08:40 +0000] "GET /api/category/63ef3bbdd1cb876c1ea368a0 HTTP/1.1" 400 98 "-" "PostmanRuntime/7.29.2"
::1 - - [17/Feb/2023:17:08:58 +0000] "GET /api/category HTTP/1.1" 200 129 "-" "PostmanRuntime/7.29.2"
::1 - - [17/Feb/2023:17:09:06 +0000] "POST /api/category HTTP/1.1" 200 133 "-" "PostmanRuntime/7.29.2"
::1 - - [17/Feb/2023:17:09:14 +0000] "GET /api/category HTTP/1.1" 200 239 "-" "PostmanRuntime/7.29.2"
::1 - - [17/Feb/2023:17:40:25 +0000] "GET /api/category HTTP/1.1" 200 26 "-" "PostmanRuntime/7.29.2"
::1 - - [17/Feb/2023:17:41:13 +0000] "POST /api/category HTTP/1.1" 200 133 "-" "PostmanRuntime/7.29.2"
::ffff:127.0.0.1 - - [18/Feb/2023:14:10:01 +0000] "GET /api/uers HTTP/1.1" 404 147 "-" "Mozilla/5.0 (X11; Ubuntu; Linux x86_64; rv:109.0) Gecko/20100101 Firefox/110.0"
::ffff:127.0.0.1 - - [18/Feb/2023:14:10:08 +0000] "GET /api/users HTTP/1.1" 200 1621 "-" "Mozilla/5.0 (X11; Ubuntu; Linux x86_64; rv:109.0) Gecko/20100101 Firefox/110.0"
